<?xml version="1.0" encoding="UTF-8"?>
<testsuite xmlns:xsi="http://www.w3.org/2001/XMLSchema-instance" xsi:noNamespaceSchemaLocation="https://maven.apache.org/surefire/maven-surefire-plugin/xsd/surefire-test-report.xsd" name="com.glazarou.AppTest" time="0.024" tests="4" errors="0" skipped="0" failures="0">
  <properties>
[...]
</properties>
  <testcase name="testInsertMultipleBuyOrder" classname="com.glazarou.AppTest" time="0.015"/>
  <testcase name="testInsertSingleBuyOrder" classname="com.glazarou.AppTest" time="0"/>
  <testcase name="testInsertMultipleSellOrder" classname="com.glazarou.AppTest" time="0.001"/>
  <testcase name="testInsertSingleSellOrder" classname="com.glazarou.AppTest" time="0"/>
</testsuite>